Performing C SOURCE FILE Test CMAKE_HAVE_LIBC_PTHREAD failed with the following output:
Change Dir: /home/maodou/CLionProjects/cs180/final_project/build/CMakeFiles/CMakeTmp

Run Build Command(s):/usr/bin/make cmTC_8fb97/fast && /usr/bin/make  -f CMakeFiles/cmTC_8fb97.dir/build.make CMakeFiles/cmTC_8fb97.dir/build
make[1]: Entering directory '/home/maodou/CLionProjects/cs180/final_project/build/CMakeFiles/CMakeTmp'
Building C object CMakeFiles/cmTC_8fb97.dir/src.c.o
/usr/bin/cc -DCMAKE_HAVE_LIBC_PTHREAD   -o CMakeFiles/cmTC_8fb97.dir/src.c.o -c /home/maodou/CLionProjects/cs180/final_project/build/CMakeFiles/CMakeTmp/src.c
Linking C executable cmTC_8fb97
/snap/cmake/834/bin/cmake -E cmake_link_script CMakeFiles/cmTC_8fb97.dir/link.txt --verbose=1
/usr/bin/cc -rdynamic CMakeFiles/cmTC_8fb97.dir/src.c.o -o cmTC_8fb97 
/usr/bin/ld: CMakeFiles/cmTC_8fb97.dir/src.c.o: in function `main':
src.c:(.text+0x46): undefined reference to `pthread_create'
/usr/bin/ld: src.c:(.text+0x52): undefined reference to `pthread_detach'
/usr/bin/ld: src.c:(.text+0x5e): undefined reference to `pthread_cancel'
/usr/bin/ld: src.c:(.text+0x6f): undefined reference to `pthread_join'
collect2: error: ld returned 1 exit status
make[1]: *** [CMakeFiles/cmTC_8fb97.dir/build.make:106: cmTC_8fb97] Error 1
make[1]: Leaving directory '/home/maodou/CLionProjects/cs180/final_project/build/CMakeFiles/CMakeTmp'
make: *** [Makefile:140: cmTC_8fb97/fast] Error 2


Source file was:
#include <pthread.h>

static void* test_func(void* data)
{
  return data;
}

int main(void)
{
  pthread_t thread;
  pthread_create(&thread, NULL, test_func, NULL);
  pthread_detach(thread);
  pthread_cancel(thread);
  pthread_join(thread, NULL);
  pthread_atfork(NULL, NULL, NULL);
  pthread_exit(NULL);

  return 0;
}

Determining if the function pthread_create exists in the pthreads failed with the following output:
Change Dir: /home/maodou/CLionProjects/cs180/final_project/build/CMakeFiles/CMakeTmp

Run Build Command(s):/usr/bin/make cmTC_403f5/fast && /usr/bin/make  -f CMakeFiles/cmTC_403f5.dir/build.make CMakeFiles/cmTC_403f5.dir/build
make[1]: Entering directory '/home/maodou/CLionProjects/cs180/final_project/build/CMakeFiles/CMakeTmp'
Building C object CMakeFiles/cmTC_403f5.dir/CheckFunctionExists.c.o
/usr/bin/cc   -DCHECK_FUNCTION_EXISTS=pthread_create -o CMakeFiles/cmTC_403f5.dir/CheckFunctionExists.c.o -c /snap/cmake/834/share/cmake-3.19/Modules/CheckFunctionExists.c
Linking C executable cmTC_403f5
/snap/cmake/834/bin/cmake -E cmake_link_script CMakeFiles/cmTC_403f5.dir/link.txt --verbose=1
/usr/bin/cc  -DCHECK_FUNCTION_EXISTS=pthread_create -rdynamic CMakeFiles/cmTC_403f5.dir/CheckFunctionExists.c.o -o cmTC_403f5  -lpthreads 
/usr/bin/ld: cannot find -lpthreads
collect2: error: ld returned 1 exit status
make[1]: *** [CMakeFiles/cmTC_403f5.dir/build.make:106: cmTC_403f5] Error 1
make[1]: Leaving directory '/home/maodou/CLionProjects/cs180/final_project/build/CMakeFiles/CMakeTmp'
make: *** [Makefile:140: cmTC_403f5/fast] Error 2



Determining if the function glXGetProcAddressEXT exists failed with the following output:
Change Dir: /home/maodou/CLionProjects/cs180/final_project/build/CMakeFiles/CMakeTmp

Run Build Command(s):/usr/bin/make cmTC_fbb50/fast && /usr/bin/make  -f CMakeFiles/cmTC_fbb50.dir/build.make CMakeFiles/cmTC_fbb50.dir/build
make[1]: Entering directory '/home/maodou/CLionProjects/cs180/final_project/build/CMakeFiles/CMakeTmp'
Building C object CMakeFiles/cmTC_fbb50.dir/CheckFunctionExists.c.o
/usr/bin/cc   -DCHECK_FUNCTION_EXISTS=glXGetProcAddressEXT -o CMakeFiles/cmTC_fbb50.dir/CheckFunctionExists.c.o -c /snap/cmake/834/share/cmake-3.19/Modules/CheckFunctionExists.c
Linking C executable cmTC_fbb50
/snap/cmake/834/bin/cmake -E cmake_link_script CMakeFiles/cmTC_fbb50.dir/link.txt --verbose=1
/usr/bin/cc  -DCHECK_FUNCTION_EXISTS=glXGetProcAddressEXT -rdynamic CMakeFiles/cmTC_fbb50.dir/CheckFunctionExists.c.o -o cmTC_fbb50  /usr/lib/x86_64-linux-gnu/libGL.so 
/usr/bin/ld: CMakeFiles/cmTC_fbb50.dir/CheckFunctionExists.c.o: in function `main':
CheckFunctionExists.c:(.text+0x14): undefined reference to `glXGetProcAddressEXT'
collect2: error: ld returned 1 exit status
make[1]: *** [CMakeFiles/cmTC_fbb50.dir/build.make:107: cmTC_fbb50] Error 1
make[1]: Leaving directory '/home/maodou/CLionProjects/cs180/final_project/build/CMakeFiles/CMakeTmp'
make: *** [Makefile:140: cmTC_fbb50/fast] Error 2



